<?xml version="1.0" encoding="UTF-8"?>
<testng-results skipped="0" failed="0" ignored="0" total="2" passed="2">
  <reporter-output>
  </reporter-output>
  <suite name="Suite" duration-ms="21151" started-at="2020-05-18T23:15:39 PDT" finished-at="2020-05-18T23:16:00 PDT">
    <groups>
    </groups>
    <test name="Test" duration-ms="21151" started-at="2020-05-18T23:15:39 PDT" finished-at="2020-05-18T23:16:00 PDT">
      <class name="Execution.Execution">
        <test-method status="PASS" signature="beforeClass(java.lang.String)[pri:0, instance:Execution.Execution@441772e]" name="beforeClass" is-config="true" duration-ms="12545" started-at="2020-05-18T23:15:39 PDT" finished-at="2020-05-18T23:15:52 PDT">
          <params>
            <param index="0">
              <value>
                <![CDATA[chrome]]>
              </value>
            </param>
          </params>
          <reporter-output>
          </reporter-output>
        </test-method> <!-- beforeClass -->
        <test-method status="PASS" signature="one()[pri:0, instance:Execution.Execution@441772e]" name="one" duration-ms="6173" started-at="2020-05-18T23:15:52 PDT" finished-at="2020-05-18T23:15:58 PDT">
          <reporter-output>
          </reporter-output>
        </test-method> <!-- one -->
        <test-method status="PASS" signature="two(java.lang.String, java.lang.String, java.lang.String, java.lang.String)[pri:1, instance:Execution.Execution@441772e]" name="two" duration-ms="2395" started-at="2020-05-18T23:15:58 PDT" finished-at="2020-05-18T23:16:00 PDT">
          <params>
            <param index="0">
              <value>
                <![CDATA[ppntstudentssss@gamil.com]]>
              </value>
            </param>
            <param index="1">
              <value>
                <![CDATA[GjI7!Cl@44G]]>
              </value>
            </param>
            <param index="2">
              <value>
                <![CDATA[22306]]>
              </value>
            </param>
            <param index="3">
              <value>
                <![CDATA[5772634251]]>
              </value>
            </param>
          </params>
          <reporter-output>
          </reporter-output>
        </test-method> <!-- two -->
        <test-method status="PASS" signature="afterClass()[pri:0, instance:Execution.Execution@441772e]" name="afterClass" is-config="true" duration-ms="0" started-at="2020-05-18T23:16:00 PDT" finished-at="2020-05-18T23:16:00 PDT">
          <reporter-output>
          </reporter-output>
        </test-method> <!-- afterClass -->
      </class> <!-- Execution.Execution -->
    </test> <!-- Test -->
  </suite> <!-- Suite -->
</testng-results>
