<?xml version="1.0" encoding="UTF-8"?>
<testng-results skipped="0" failed="0" ignored="0" total="2" passed="2">
  <reporter-output>
  </reporter-output>
  <suite name="Suite" duration-ms="21666" started-at="2020-05-18T23:02:43 PDT" finished-at="2020-05-18T23:03:05 PDT">
    <groups>
    </groups>
    <test name="Test" duration-ms="21666" started-at="2020-05-18T23:02:43 PDT" finished-at="2020-05-18T23:03:05 PDT">
      <class name="Execution.Execution">
        <test-method status="PASS" signature="beforeClass(java.lang.String)[pri:0, instance:Execution.Execution@2e377400]" name="beforeClass" is-config="true" duration-ms="13280" started-at="2020-05-18T23:02:43 PDT" finished-at="2020-05-18T23:02:56 PDT">
          <params>
            <param index="0">
              <value>
                <![CDATA[chrome]]>
              </value>
            </param>
          </params>
          <reporter-output>
          </reporter-output>
        </test-method> <!-- beforeClass -->
        <test-method status="PASS" signature="one()[pri:0, instance:Execution.Execution@2e377400]" name="one" duration-ms="6087" started-at="2020-05-18T23:02:57 PDT" finished-at="2020-05-18T23:03:03 PDT">
          <reporter-output>
          </reporter-output>
        </test-method> <!-- one -->
        <test-method status="PASS" signature="two(java.lang.String, java.lang.String, java.lang.String, java.lang.String)[pri:1, instance:Execution.Execution@2e377400]" name="two" duration-ms="2237" started-at="2020-05-18T23:03:03 PDT" finished-at="2020-05-18T23:03:05 PDT">
          <params>
            <param index="0">
              <value>
                <![CDATA[ppntstudentssss@gamil.com]]>
              </value>
            </param>
            <param index="1">
              <value>
                <![CDATA[GjI7!Cl@44G]]>
              </value>
            </param>
            <param index="2">
              <value>
                <![CDATA[22306]]>
              </value>
            </param>
            <param index="3">
              <value>
                <![CDATA[5772634251]]>
              </value>
            </param>
          </params>
          <reporter-output>
          </reporter-output>
        </test-method> <!-- two -->
        <test-method status="PASS" signature="afterClass()[pri:0, instance:Execution.Execution@2e377400]" name="afterClass" is-config="true" duration-ms="1" started-at="2020-05-18T23:03:05 PDT" finished-at="2020-05-18T23:03:05 PDT">
          <reporter-output>
          </reporter-output>
        </test-method> <!-- afterClass -->
      </class> <!-- Execution.Execution -->
    </test> <!-- Test -->
  </suite> <!-- Suite -->
</testng-results>
